<?xml version="1.0" encoding="UTF-8"?>
<testng-results ignored="0" total="1" passed="1" failed="0" skipped="0">
  <reporter-output>
  </reporter-output>
  <suite started-at="2019-02-18T20:13:35Z" name="Default suite" finished-at="2019-02-18T20:14:18Z" duration-ms="43131">
    <groups>
    </groups>
    <test started-at="2019-02-18T20:13:35Z" name="Default test" finished-at="2019-02-18T20:14:18Z" duration-ms="43131">
      <class name="Utility.Drivers">
        <test-method is-config="true" signature="Setup()[pri:0, instance:Utility.Drivers@31f9b85e]" started-at="2019-02-18T17:13:35Z" name="Setup" finished-at="2019-02-18T17:13:48Z" duration-ms="12607" status="PASS">
          <reporter-output>
          </reporter-output>
        </test-method> <!-- Setup -->
        <test-method signature="MantenedorOP()[pri:0, instance:Utility.Drivers@31f9b85e]" started-at="2019-02-18T17:13:48Z" name="MantenedorOP" finished-at="2019-02-18T17:14:17Z" duration-ms="29814" status="PASS">
          <reporter-output>
          </reporter-output>
        </test-method> <!-- MantenedorOP -->
        <test-method is-config="true" signature="tearDown()[pri:0, instance:Utility.Drivers@31f9b85e]" started-at="2019-02-18T17:14:17Z" name="tearDown" finished-at="2019-02-18T17:14:18Z" duration-ms="686" status="PASS">
          <reporter-output>
          </reporter-output>
        </test-method> <!-- tearDown -->
      </class> <!-- Utility.Drivers -->
    </test> <!-- Default test -->
  </suite> <!-- Default suite -->
</testng-results>
